<?xml version="1.0" encoding="UTF-8"?>
<!-- Generated by org.testng.reporters.JUnitReportReporter -->
<testsuite hostname="NSL-6578" failures="0" tests="4" name="Runner.Runner2" time="54.814" errors="0" timestamp="2022-06-20T14:29:00 IST" skipped="0">
  <testcase classname="Runner.Runner2" name="runScenarios" time="0.004"/>
  <system-out/>
  <testcase classname="Runner.Runner2" name="runScenarios" time="0.002"/>
  <system-out/>
  <testcase classname="Runner.Runner2" name="runScenario" time="26.647"/>
  <system-out/>
  <testcase classname="Runner.Runner2" name="runScenario" time="28.161"/>
  <system-out/>
</testsuite> <!-- Runner.Runner2 -->
